2026-01-13T11:41:49.393+05:30  INFO 18044 --- [Pharmacy] [restartedMain] com.gn.pharmacy.PharmacyApplication      : Starting PharmacyApplication using Java 24.0.2 with PID 18044 (C:\Pharmacy-Project\pharmacy-GN-backend-v1.2\target\classes started by admim in C:\Pharmacy-Project\pharmacy-GN-backend-v1.2)
2026-01-13T11:41:49.417+05:30  INFO 18044 --- [Pharmacy] [restartedMain] com.gn.pharmacy.PharmacyApplication      : No active profile set, falling back to 1 default profile: "default"
2026-01-13T11:41:49.663+05:30  INFO 18044 --- [Pharmacy] [restartedMain] o.s.b.devtools.restart.ChangeableUrls    : The Class-Path manifest attribute in C:\Users\admim\.m2\repository\io\github\cdimascio\java-dotenv\5.2.2\java-dotenv-5.2.2.jar referenced one or more files that do not exist: file:/C:/Users/admim/.m2/repository/io/github/cdimascio/java-dotenv/5.2.2/kotlin-stdlib-1.4.0.jar,file:/C:/Users/admim/.m2/repository/io/github/cdimascio/java-dotenv/5.2.2/kotlin-stdlib-common-1.4.0.jar,file:/C:/Users/admim/.m2/repository/io/github/cdimascio/java-dotenv/5.2.2/annotations-13.0.jar
2026-01-13T11:41:49.670+05:30  INFO 18044 --- [Pharmacy] [restartedMain] .e.DevToolsPropertyDefaultsPostProcessor : Devtools property defaults active! Set 'spring.devtools.add-properties' to 'false' to disable
2026-01-13T11:41:49.671+05:30  INFO 18044 --- [Pharmacy] [restartedMain] .e.DevToolsPropertyDefaultsPostProcessor : For additional web related logging consider setting the 'logging.level.web' property to 'DEBUG'
2026-01-13T11:41:56.388+05:30  INFO 18044 --- [Pharmacy] [restartedMain] .s.d.r.c.RepositoryConfigurationDelegate : Bootstrapping Spring Data JPA repositories in DEFAULT mode.
2026-01-13T11:41:56.727+05:30  INFO 18044 --- [Pharmacy] [restartedMain] .s.d.r.c.RepositoryConfigurationDelegate : Finished Spring Data repository scanning in 314 ms. Found 16 JPA repository interfaces.
2026-01-13T11:41:58.625+05:30  INFO 18044 --- [Pharmacy] [restartedMain] o.s.b.w.embedded.tomcat.TomcatWebServer  : Tomcat initialized with port 8083 (http)
2026-01-13T11:41:58.665+05:30  INFO 18044 --- [Pharmacy] [restartedMain] o.apache.catalina.core.StandardService   : Starting service [Tomcat]
2026-01-13T11:41:58.666+05:30  INFO 18044 --- [Pharmacy] [restartedMain] o.apache.catalina.core.StandardEngine    : Starting Servlet engine: [Apache Tomcat/10.1.44]
2026-01-13T11:41:58.797+05:30  INFO 18044 --- [Pharmacy] [restartedMain] o.a.c.c.C.[Tomcat].[localhost].[/]       : Initializing Spring embedded WebApplicationContext
2026-01-13T11:41:58.798+05:30  INFO 18044 --- [Pharmacy] [restartedMain] w.s.c.ServletWebServerApplicationContext : Root WebApplicationContext: initialization completed in 9125 ms
2026-01-13T11:41:59.415+05:30  INFO 18044 --- [Pharmacy] [restartedMain] o.hibernate.jpa.internal.util.LogHelper  : HHH000204: Processing PersistenceUnitInfo [name: default]
2026-01-13T11:41:59.596+05:30  INFO 18044 --- [Pharmacy] [restartedMain] org.hibernate.Version                    : HHH000412: Hibernate ORM core version 6.6.26.Final
2026-01-13T11:41:59.703+05:30  INFO 18044 --- [Pharmacy] [restartedMain] o.h.c.internal.RegionFactoryInitiator    : HHH000026: Second-level cache disabled
2026-01-13T11:42:00.739+05:30  INFO 18044 --- [Pharmacy] [restartedMain] o.s.o.j.p.SpringPersistenceUnitInfo      : No LoadTimeWeaver setup: ignoring JPA class transformer
2026-01-13T11:42:00.808+05:30  INFO 18044 --- [Pharmacy] [restartedMain] com.zaxxer.hikari.HikariDataSource       : HikariPool-1 - Starting...
2026-01-13T11:42:01.488+05:30  INFO 18044 --- [Pharmacy] [restartedMain] com.zaxxer.hikari.pool.HikariPool        : HikariPool-1 - Added connection com.mysql.cj.jdbc.ConnectionImpl@46f6f501
2026-01-13T11:42:01.492+05:30  INFO 18044 --- [Pharmacy] [restartedMain] com.zaxxer.hikari.HikariDataSource       : HikariPool-1 - Start completed.
2026-01-13T11:42:01.771+05:30  INFO 18044 --- [Pharmacy] [restartedMain] org.hibernate.orm.connections.pooling    : HHH10001005: Database info:
	Database JDBC URL [Connecting through datasource 'HikariDataSource (HikariPool-1)']
	Database driver: undefined/unknown
	Database version: 8.0.41
	Autocommit mode: undefined/unknown
	Isolation level: undefined/unknown
	Minimum pool size: undefined/unknown
	Maximum pool size: undefined/unknown
2026-01-13T11:42:06.080+05:30  INFO 18044 --- [Pharmacy] [restartedMain] o.h.e.t.j.p.i.JtaPlatformInitiator       : HHH000489: No JTA platform available (set 'hibernate.transaction.jta.platform' to enable JTA platform integration)
2026-01-13T11:42:06.778+05:30  INFO 18044 --- [Pharmacy] [restartedMain] j.LocalContainerEntityManagerFactoryBean : Initialized JPA EntityManagerFactory for persistence unit 'default'
2026-01-13T11:42:07.404+05:30  INFO 18044 --- [Pharmacy] [restartedMain] o.s.d.j.r.query.QueryEnhancerFactory     : Hibernate is in classpath; If applicable, HQL parser will be used.
2026-01-13T11:42:10.948+05:30  INFO 18044 --- [Pharmacy] [restartedMain] c.g.p.s.s.PrescriptionServiceImpl        : [PrescriptionService] Service initialized
2026-01-13T11:42:10.957+05:30  INFO 18044 --- [Pharmacy] [restartedMain] c.g.p.controller.PrescriptionController  : [PrescriptionController] Controller initialized
2026-01-13T11:42:11.169+05:30  WARN 18044 --- [Pharmacy] [restartedMain] JpaBaseConfiguration$JpaWebConfiguration : spring.jpa.open-in-view is enabled by default. Therefore, database queries may be performed during view rendering. Explicitly configure spring.jpa.open-in-view to disable this warning
2026-01-13T11:42:11.531+05:30 DEBUG 18044 --- [Pharmacy] [restartedMain] s.w.s.m.m.a.RequestMappingHandlerMapping : 147 mappings in 'requestMappingHandlerMapping'
2026-01-13T11:42:11.591+05:30 DEBUG 18044 --- [Pharmacy] [restartedMain] o.s.w.s.handler.SimpleUrlHandlerMapping  : Patterns [/webjars/**, /**] in 'resourceHandlerMapping'
2026-01-13T11:42:11.618+05:30 DEBUG 18044 --- [Pharmacy] [restartedMain] s.w.s.m.m.a.RequestMappingHandlerAdapter : ControllerAdvice beans: 0 @ModelAttribute, 0 @InitBinder, 1 RequestBodyAdvice, 1 ResponseBodyAdvice
2026-01-13T11:42:11.722+05:30 DEBUG 18044 --- [Pharmacy] [restartedMain] .m.m.a.ExceptionHandlerExceptionResolver : ControllerAdvice beans: 0 @ExceptionHandler, 1 ResponseBodyAdvice
2026-01-13T11:42:11.904+05:30  INFO 18044 --- [Pharmacy] [restartedMain] o.s.b.d.a.OptionalLiveReloadServer       : LiveReload server is running on port 35729
2026-01-13T11:42:11.959+05:30  INFO 18044 --- [Pharmacy] [restartedMain] o.s.b.w.embedded.tomcat.TomcatWebServer  : Tomcat started on port 8083 (http) with context path '/'
2026-01-13T11:42:11.974+05:30  INFO 18044 --- [Pharmacy] [restartedMain] com.gn.pharmacy.PharmacyApplication      : Started PharmacyApplication in 24.32 seconds (process running for 27.441)
